Determining if the pthread_create exist failed with the following output:
Change Dir: /home/power/algoII/tp1/cmake-build-debug/CMakeFiles/CMakeTmp

Run Build Command:"/usr/bin/make" "cmTC_7c268/fast"
/usr/bin/make -f CMakeFiles/cmTC_7c268.dir/build.make CMakeFiles/cmTC_7c268.dir/build
make[1]: Entering directory '/home/power/algoII/tp1/cmake-build-debug/CMakeFiles/CMakeTmp'
Building C object CMakeFiles/cmTC_7c268.dir/CheckSymbolExists.c.o
/usr/bin/cc    -o CMakeFiles/cmTC_7c268.dir/CheckSymbolExists.c.o   -c /home/power/algoII/tp1/cmake-build-debug/CMakeFiles/CMakeTmp/CheckSymbolExists.c
Linking C executable cmTC_7c268
/home/power/clion-2018.1/bin/cmake/bin/cmake -E cmake_link_script CMakeFiles/cmTC_7c268.dir/link.txt --verbose=1
/usr/bin/cc      -rdynamic CMakeFiles/cmTC_7c268.dir/CheckSymbolExists.c.o  -o cmTC_7c268 
CMakeFiles/cmTC_7c268.dir/CheckSymbolExists.c.o: In function `main':
CheckSymbolExists.c:(.text+0x16): undefined reference to `pthread_create'
collect2: error: ld returned 1 exit status
CMakeFiles/cmTC_7c268.dir/build.make:97: recipe for target 'cmTC_7c268' failed
make[1]: *** [cmTC_7c268] Error 1
make[1]: Leaving directory '/home/power/algoII/tp1/cmake-build-debug/CMakeFiles/CMakeTmp'
Makefile:126: recipe for target 'cmTC_7c268/fast' failed
make: *** [cmTC_7c268/fast] Error 2

File /home/power/algoII/tp1/cmake-build-debug/CMakeFiles/CMakeTmp/CheckSymbolExists.c:
/* */
#include <pthread.h>

int main(int argc, char** argv)
{
  (void)argv;
#ifndef pthread_create
  return ((int*)(&pthread_create))[argc];
#else
  (void)argc;
  return 0;
#endif
}

Determining if the function pthread_create exists in the pthreads failed with the following output:
Change Dir: /home/power/algoII/tp1/cmake-build-debug/CMakeFiles/CMakeTmp

Run Build Command:"/usr/bin/make" "cmTC_59081/fast"
/usr/bin/make -f CMakeFiles/cmTC_59081.dir/build.make CMakeFiles/cmTC_59081.dir/build
make[1]: Entering directory '/home/power/algoII/tp1/cmake-build-debug/CMakeFiles/CMakeTmp'
Building C object CMakeFiles/cmTC_59081.dir/CheckFunctionExists.c.o
/usr/bin/cc   -DCHECK_FUNCTION_EXISTS=pthread_create   -o CMakeFiles/cmTC_59081.dir/CheckFunctionExists.c.o   -c /home/power/clion-2018.1/bin/cmake/share/cmake-3.10/Modules/CheckFunctionExists.c
Linking C executable cmTC_59081
/home/power/clion-2018.1/bin/cmake/bin/cmake -E cmake_link_script CMakeFiles/cmTC_59081.dir/link.txt --verbose=1
/usr/bin/cc  -DCHECK_FUNCTION_EXISTS=pthread_create    -rdynamic CMakeFiles/cmTC_59081.dir/CheckFunctionExists.c.o  -o cmTC_59081 -lpthreads 
/usr/bin/ld: cannot find -lpthreads
collect2: error: ld returned 1 exit status
CMakeFiles/cmTC_59081.dir/build.make:97: recipe for target 'cmTC_59081' failed
make[1]: *** [cmTC_59081] Error 1
make[1]: Leaving directory '/home/power/algoII/tp1/cmake-build-debug/CMakeFiles/CMakeTmp'
Makefile:126: recipe for target 'cmTC_59081/fast' failed
make: *** [cmTC_59081/fast] Error 2


